<?xml version="1.0" encoding="UTF-8"?>
<!-- Generated by org.testng.reporters.JUnitXMLReporter -->
<testsuite hostname="Fadwas-MBP.fios-router.home" ignored="0" name="Default test" tests="3" failures="0" timestamp="2020-05-19T22:03:59 EDT" time="23.047" errors="0">
  <testcase name="logoValidation" time="2.069" classname="com.class01.TitleLogoLoginvalidation"/>
  <testcase name="titleValidation" time="0.008" classname="com.class01.TitleLogoLoginvalidation"/>
  <testcase name="validLogin" time="4.315" classname="com.class01.TitleLogoLoginvalidation"/>
</testsuite> <!-- Default test -->
