<?xml version="1.0" encoding="UTF-8"?>
<testng-results skipped="0" failed="0" ignored="0" total="3" passed="3">
  <reporter-output>
  </reporter-output>
  <suite name="Default suite" duration-ms="23047" started-at="2020-05-19T22:03:36 EDT" finished-at="2020-05-19T22:03:59 EDT">
    <groups>
    </groups>
    <test name="Default test" duration-ms="23047" started-at="2020-05-19T22:03:36 EDT" finished-at="2020-05-19T22:03:59 EDT">
      <class name="com.class01.TitleLogoLoginvalidation">
        <test-method status="PASS" signature="openAndNavigate()[pri:0, instance:com.class01.TitleLogoLoginvalidation@3cef309d]" name="openAndNavigate" is-config="true" duration-ms="6239" started-at="2020-05-19T22:03:36 EDT" finished-at="2020-05-19T22:03:42 EDT">
          <reporter-output>
          </reporter-output>
        </test-method> <!-- openAndNavigate -->
        <test-method status="PASS" signature="logoValidation()[pri:0, instance:com.class01.TitleLogoLoginvalidation@3cef309d]" name="logoValidation" duration-ms="2069" started-at="2020-05-19T22:03:42 EDT" finished-at="2020-05-19T22:03:44 EDT">
          <reporter-output>
          </reporter-output>
        </test-method> <!-- logoValidation -->
        <test-method status="PASS" signature="quitbrowser()[pri:0, instance:com.class01.TitleLogoLoginvalidation@3cef309d]" name="quitbrowser" is-config="true" duration-ms="164" started-at="2020-05-19T22:03:44 EDT" finished-at="2020-05-19T22:03:45 EDT">
          <reporter-output>
          </reporter-output>
        </test-method> <!-- quitbrowser -->
        <test-method status="PASS" signature="openAndNavigate()[pri:0, instance:com.class01.TitleLogoLoginvalidation@3cef309d]" name="openAndNavigate" is-config="true" duration-ms="4831" started-at="2020-05-19T22:03:45 EDT" finished-at="2020-05-19T22:03:49 EDT">
          <reporter-output>
          </reporter-output>
        </test-method> <!-- openAndNavigate -->
        <test-method status="PASS" signature="titleValidation()[pri:0, instance:com.class01.TitleLogoLoginvalidation@3cef309d]" name="titleValidation" duration-ms="8" started-at="2020-05-19T22:03:49 EDT" finished-at="2020-05-19T22:03:49 EDT">
          <reporter-output>
          </reporter-output>
        </test-method> <!-- titleValidation -->
        <test-method status="PASS" signature="quitbrowser()[pri:0, instance:com.class01.TitleLogoLoginvalidation@3cef309d]" name="quitbrowser" is-config="true" duration-ms="208" started-at="2020-05-19T22:03:49 EDT" finished-at="2020-05-19T22:03:50 EDT">
          <reporter-output>
          </reporter-output>
        </test-method> <!-- quitbrowser -->
        <test-method status="PASS" signature="openAndNavigate()[pri:0, instance:com.class01.TitleLogoLoginvalidation@3cef309d]" name="openAndNavigate" is-config="true" duration-ms="4966" started-at="2020-05-19T22:03:50 EDT" finished-at="2020-05-19T22:03:55 EDT">
          <reporter-output>
          </reporter-output>
        </test-method> <!-- openAndNavigate -->
        <test-method status="PASS" signature="validLogin()[pri:0, instance:com.class01.TitleLogoLoginvalidation@3cef309d]" name="validLogin" duration-ms="4315" started-at="2020-05-19T22:03:55 EDT" finished-at="2020-05-19T22:03:59 EDT">
          <reporter-output>
          </reporter-output>
        </test-method> <!-- validLogin -->
        <test-method status="PASS" signature="quitbrowser()[pri:0, instance:com.class01.TitleLogoLoginvalidation@3cef309d]" name="quitbrowser" is-config="true" duration-ms="192" started-at="2020-05-19T22:03:59 EDT" finished-at="2020-05-19T22:03:59 EDT">
          <reporter-output>
          </reporter-output>
        </test-method> <!-- quitbrowser -->
      </class> <!-- com.class01.TitleLogoLoginvalidation -->
    </test> <!-- Default test -->
  </suite> <!-- Default suite -->
</testng-results>
